<?xml version="1.0" encoding="UTF-8"?>
<!-- Generated by org.testng.reporters.JUnitReportReporter -->
<testsuite hostname="NIRMAL-RAWAT" failures="0" tests="4" name="Kane.Selenium_java.Scope" time="39.805" errors="0" timestamp="2024-11-05T18:22:22 IST" skipped="0">
  <testcase classname="Kane.Selenium_java.Scope" name="LinkCounter" time="3.873"/>
  <testcase classname="Kane.Selenium_java.Scope" name="FooterLinkCount" time="4.632"/>
  <testcase classname="Kane.Selenium_java.Scope" name="ClickOnLinks" time="27.091"/>
  <testcase classname="Kane.Selenium_java.Scope" name="oneColumnLinkCount" time="4.209"/>
</testsuite> <!-- Kane.Selenium_java.Scope -->
