<?xml version="1.0" encoding="UTF-8"?>
<!-- Generated by org.testng.reporters.JUnitReportReporter -->
<testsuite hostname="NIRMAL-RAWAT" failures="0" tests="5" name="Kane.Selenium_java.test1" time="0.022" errors="0" timestamp="2024-11-05T18:46:52 IST" skipped="0">
  <testcase classname="Kane.Selenium_java.test1" name="ViewReports" time="0.003"/>
  <testcase classname="Kane.Selenium_java.test1" name="Applycoupon" time="0.009"/>
  <testcase classname="Kane.Selenium_java.test1" name="ViewChecks" time="0.004"/>
  <testcase classname="Kane.Selenium_java.test1" name="Payment" time="0.003"/>
  <testcase classname="Kane.Selenium_java.test1" name="Logout" time="0.003"/>
</testsuite> <!-- Kane.Selenium_java.test1 -->
