<?xml version="1.0" encoding="UTF-8"?>
<!-- Generated by org.testng.reporters.JUnitReportReporter -->
<testsuite hostname="NIRMAL-RAWAT" failures="0" tests="4" name="Kane.Selenium_java.Scope" time="33.878" errors="0" timestamp="2024-11-04T18:54:00 IST" skipped="0">
  <testcase classname="Kane.Selenium_java.Scope" name="ClickOnLinks" time="23.265"/>
  <testcase classname="Kane.Selenium_java.Scope" name="oneColumnLinkCount" time="3.457"/>
  <testcase classname="Kane.Selenium_java.Scope" name="FooterLinkCount" time="3.795"/>
  <testcase classname="Kane.Selenium_java.Scope" name="LinkCounter" time="3.361"/>
</testsuite> <!-- Kane.Selenium_java.Scope -->
