<?xml version="1.0" encoding="UTF-8"?>
<!-- Generated by org.testng.reporters.JUnitReportReporter -->
<testsuite hostname="NIRMAL-RAWAT" failures="0" tests="1" name="Kane.Selenium_java.Alert" time="7.292" errors="0" timestamp="2024-11-05T18:22:22 IST" skipped="0">
  <testcase classname="Kane.Selenium_java.Alert" name="alertsPractice" time="7.292"/>
</testsuite> <!-- Kane.Selenium_java.Alert -->
