<?xml version="1.0" encoding="UTF-8"?>
<!-- Generated by org.testng.reporters.JUnitReportReporter -->
<testsuite hostname="NIRMAL-RAWAT" failures="0" tests="1" name="Kane.Selenium_java.Practice" time="14.195" errors="0" timestamp="2024-11-05T18:22:22 IST" skipped="0">
  <testcase classname="Kane.Selenium_java.Practice" name="endToEndTest" time="14.195"/>
</testsuite> <!-- Kane.Selenium_java.Practice -->
